INFO:root:---- Round 1 ----
INFO:root:P1: H:25 | D:0  | ['1c']*
INFO:root:P2: H:25 | D:0  | ['7c'] 
INFO:root:---- Round 2 ----
INFO:root:P1: H:24 | D:2  | ['5h'] 
INFO:root:P2: H:24 | D:0  | ['7s']*
INFO:root:---- Round 3 ----
INFO:root:P1: H:23 | D:2  | ['Qd']*
INFO:root:P2: H:23 | D:2  | ['6d'] 
INFO:root:---- Round 4 ----
INFO:root:P1: H:22 | D:4  | ['3d'] 
INFO:root:P2: H:22 | D:2  | ['7d']*
INFO:root:---- Round 5 ----
INFO:root:P1: H:21 | D:4  | ['1h']*
INFO:root:P2: H:21 | D:4  | ['8c'] 
INFO:root:---- Round 6 ----
INFO:root:P1: H:20 | D:6  | ['9s'] 
INFO:root:P2: H:20 | D:4  | ['Kc']*
INFO:root:---- Round 7 ----
INFO:root:P1: H:19 | D:6  | ['1d']*
INFO:root:P2: H:19 | D:6  | ['Qs'] 
INFO:root:---- Round 8 ----
INFO:root:P1: H:18 | D:8  | ['9d']*
INFO:root:P2: H:18 | D:6  | ['4h'] 
INFO:root:---- Round 9 ----
INFO:root:P1: H:17 | D:10 | ['5s'] 
INFO:root:P2: H:17 | D:6  | ['Qc']*
INFO:root:---- Round 10 ----
INFO:root:P1: H:16 | D:10 | ['Ks']*
INFO:root:P2: H:16 | D:8  | ['9h'] 
INFO:root:---- Round 11 ----
INFO:root:P1: H:15 | D:12 | ['2d'] 
INFO:root:P2: H:15 | D:8  | ['Qh']*
INFO:root:---- Round 12 ----
INFO:root:P1: H:14 | D:12 | ['Jd']*
INFO:root:P2: H:14 | D:10 | ['8d'] 
INFO:root:---- Round 13 ----
INFO:root:P1: H:13 | D:14 | ['10s'] 
INFO:root:P2: H:13 | D:10 | ['10d'] 
INFO:root:War!
INFO:root:P1: H:9  | D:14 | ['10s', '4d', '5c', '7h', '4c'] 
INFO:root:P2: H:9  | D:10 | ['10d', '3c', '6s', '3h', '10h']*
INFO:root:---- Round 14 ----
INFO:root:P1: H:8  | D:14 | ['2s'] 
INFO:root:P2: H:8  | D:20 | ['10c']*
INFO:root:---- Round 15 ----
INFO:root:P1: H:7  | D:14 | ['8s']*
INFO:root:P2: H:7  | D:22 | ['6h'] 
INFO:root:---- Round 16 ----
INFO:root:P1: H:6  | D:16 | ['5d'] 
INFO:root:P2: H:6  | D:22 | ['Kd']*
INFO:root:---- Round 17 ----
INFO:root:P1: H:5  | D:16 | ['2c'] 
INFO:root:P2: H:5  | D:24 | ['Jc']*
INFO:root:---- Round 18 ----
INFO:root:P1: H:4  | D:16 | ['1s']*
INFO:root:P2: H:4  | D:26 | ['9c'] 
INFO:root:---- Round 19 ----
INFO:root:P1: H:3  | D:18 | ['Kh']*
INFO:root:P2: H:3  | D:26 | ['2h'] 
INFO:root:---- Round 20 ----
INFO:root:P1: H:2  | D:20 | ['6c']*
INFO:root:P2: H:2  | D:26 | ['4s'] 
INFO:root:---- Round 21 ----
INFO:root:P1: H:1  | D:22 | ['8h'] 
INFO:root:P2: H:1  | D:26 | ['Jh']*
INFO:root:---- Round 22 ----
INFO:root:P1: H:0  | D:22 | ['3s'] 
INFO:root:P2: H:0  | D:28 | ['Js']*
INFO:root:---- Round 23 ----
INFO:root:P1: H:21 | D:0  | ['4s']*
INFO:root:P2: H:29 | D:0  | ['3s'] 
INFO:root:---- Round 24 ----
INFO:root:P1: H:20 | D:2  | ['6c'] 
INFO:root:P2: H:28 | D:0  | ['Js']*
INFO:root:---- Round 25 ----
INFO:root:P1: H:19 | D:2  | ['2h'] 
INFO:root:P2: H:27 | D:2  | ['8h']*
INFO:root:---- Round 26 ----
INFO:root:P1: H:18 | D:2  | ['Kh']*
INFO:root:P2: H:26 | D:4  | ['Jh'] 
INFO:root:---- Round 27 ----
INFO:root:P1: H:17 | D:4  | ['9c']*
INFO:root:P2: H:25 | D:4  | ['2c'] 
INFO:root:---- Round 28 ----
INFO:root:P1: H:16 | D:6  | ['1s']*
INFO:root:P2: H:24 | D:4  | ['Jc'] 
INFO:root:---- Round 29 ----
INFO:root:P1: H:15 | D:8  | ['6h']*
INFO:root:P2: H:23 | D:4  | ['5d'] 
INFO:root:---- Round 30 ----
INFO:root:P1: H:14 | D:10 | ['8s'] 
INFO:root:P2: H:22 | D:4  | ['Kd']*
INFO:root:---- Round 31 ----
INFO:root:P1: H:13 | D:10 | ['8d']*
INFO:root:P2: H:21 | D:6  | ['2s'] 
INFO:root:---- Round 32 ----
INFO:root:P1: H:12 | D:12 | ['Jd']*
INFO:root:P2: H:20 | D:6  | ['10c'] 
INFO:root:---- Round 33 ----
INFO:root:P1: H:11 | D:14 | ['9h']*
INFO:root:P2: H:19 | D:6  | ['4c'] 
INFO:root:---- Round 34 ----
INFO:root:P1: H:10 | D:16 | ['Ks']*
INFO:root:P2: H:18 | D:6  | ['7h'] 
INFO:root:---- Round 35 ----
INFO:root:P1: H:9  | D:18 | ['4h'] 
INFO:root:P2: H:17 | D:6  | ['5c']*
INFO:root:---- Round 36 ----
INFO:root:P1: H:8  | D:18 | ['9d']*
INFO:root:P2: H:16 | D:8  | ['4d'] 
INFO:root:---- Round 37 ----
INFO:root:P1: H:7  | D:20 | ['Qs']*
INFO:root:P2: H:15 | D:8  | ['10s'] 
INFO:root:---- Round 38 ----
INFO:root:P1: H:6  | D:22 | ['1d']*
INFO:root:P2: H:14 | D:8  | ['10h'] 
INFO:root:---- Round 39 ----
INFO:root:P1: H:5  | D:24 | ['8c']*
INFO:root:P2: H:13 | D:8  | ['3h'] 
INFO:root:---- Round 40 ----
INFO:root:P1: H:4  | D:26 | ['1h']*
INFO:root:P2: H:12 | D:8  | ['6s'] 
INFO:root:---- Round 41 ----
INFO:root:P1: H:3  | D:28 | ['6d']*
INFO:root:P2: H:11 | D:8  | ['3c'] 
INFO:root:---- Round 42 ----
INFO:root:P1: H:2  | D:30 | ['Qd']*
INFO:root:P2: H:10 | D:8  | ['10d'] 
INFO:root:---- Round 43 ----
INFO:root:P1: H:1  | D:32 | ['7c']*
INFO:root:P2: H:9  | D:8  | ['2d'] 
INFO:root:---- Round 44 ----
INFO:root:P1: H:0  | D:34 | ['1c']*
INFO:root:P2: H:8  | D:8  | ['Qh'] 
INFO:root:---- Round 45 ----
INFO:root:P1: H:35 | D:0  | ['Qh']*
INFO:root:P2: H:7  | D:8  | ['5s'] 
INFO:root:---- Round 46 ----
INFO:root:P1: H:34 | D:2  | ['1c']*
INFO:root:P2: H:6  | D:8  | ['Qc'] 
INFO:root:---- Round 47 ----
INFO:root:P1: H:33 | D:4  | ['2d'] 
INFO:root:P2: H:5  | D:8  | ['9s']*
INFO:root:---- Round 48 ----
INFO:root:P1: H:32 | D:4  | ['7c'] 
INFO:root:P2: H:4  | D:10 | ['Kc']*
INFO:root:---- Round 49 ----
INFO:root:P1: H:31 | D:4  | ['10d']*
INFO:root:P2: H:3  | D:12 | ['3d'] 
INFO:root:---- Round 50 ----
INFO:root:P1: H:30 | D:6  | ['Qd']*
INFO:root:P2: H:2  | D:12 | ['7d'] 
INFO:root:---- Round 51 ----
INFO:root:P1: H:29 | D:8  | ['3c'] 
INFO:root:P2: H:1  | D:12 | ['5h']*
INFO:root:---- Round 52 ----
INFO:root:P1: H:28 | D:8  | ['6d'] 
INFO:root:P2: H:0  | D:14 | ['7s']*
INFO:root:---- Round 53 ----
INFO:root:P1: H:27 | D:8  | ['6s'] 
INFO:root:P2: H:15 | D:0  | ['6d'] 
INFO:root:War!
INFO:root:P1: H:23 | D:8  | ['6s', '1h', '3h', '8c', '10h']*
INFO:root:P2: H:11 | D:0  | ['6d', '7s', '3c', '5h', '7c'] 
INFO:root:---- Round 54 ----
INFO:root:P1: H:22 | D:18 | ['1d']*
INFO:root:P2: H:10 | D:0  | ['Kc'] 
INFO:root:---- Round 55 ----
INFO:root:P1: H:21 | D:20 | ['10s']*
INFO:root:P2: H:9  | D:0  | ['2d'] 
INFO:root:---- Round 56 ----
INFO:root:P1: H:20 | D:22 | ['Qs']*
INFO:root:P2: H:8  | D:0  | ['9s'] 
INFO:root:---- Round 57 ----
INFO:root:P1: H:19 | D:24 | ['4d'] 
INFO:root:P2: H:7  | D:0  | ['4h'] 
INFO:root:War!
INFO:root:P1: H:15 | D:24 | ['4d', '9d', '7h', 'Ks', '4c']*
INFO:root:P2: H:3  | D:0  | ['4h', '5c', '8s', 'Kd', '2h'] 
INFO:root:---- Round 58 ----
INFO:root:P1: H:14 | D:34 | ['9h']*
INFO:root:P2: H:2  | D:0  | ['8h'] 
INFO:root:---- Round 59 ----
INFO:root:P1: H:13 | D:36 | ['10c']*
INFO:root:P2: H:1  | D:0  | ['6c'] 
INFO:root:---- Round 60 ----
INFO:root:P1: H:12 | D:38 | ['Jd'] 
INFO:root:P2: H:0  | D:0  | ['Js'] 
INFO:root:War!
INFO:root:Player 1 Wins in 60 rounds!
